<?xml version="1.0" encoding="UTF-8"?>
<!-- Generated by org.testng.reporters.JUnitReportReporter -->
<testsuite hostname="LAPTOP-PGPBS0AG" failures="0" tests="1" name="Cucumber.TestNgTestrunner" time="8.374" errors="0" timestamp="2023-03-28T20:07:08 IST" skipped="0">
  <testcase classname="Cucumber.TestNgTestrunner" name="runScenario" time="8.374"/>
  <system-out/>
</testsuite> <!-- Cucumber.TestNgTestrunner -->
