<?xml version="1.0" encoding="UTF-8"?>
<!-- Generated by org.testng.reporters.JUnitReportReporter -->
<testsuite hostname="LAPTOP-PGPBS0AG" failures="0" tests="3" name="rahulpractise.tests.StandAloneTest" time="14.170" errors="0" timestamp="2023-03-24T19:11:47 IST" skipped="0">
  <testcase classname="rahulpractise.tests.StandAloneTest" name="submitorder" time="7.101"/>
  <system-out/>
  <testcase classname="rahulpractise.tests.StandAloneTest" name="OrderHistoryTest" time="2.432"/>
  <system-out/>
  <testcase classname="rahulpractise.tests.StandAloneTest" name="submitorder" time="4.637"/>
  <system-out/>
</testsuite> <!-- rahulpractise.tests.StandAloneTest -->
